[0.000000] (-) TimerEvent: {}
[0.001369] (prius_sdc_pkg) JobQueued: {'identifier': 'prius_sdc_pkg', 'dependencies': OrderedDict()}
[0.001448] (prius_sdc_pkg) JobStarted: {'identifier': 'prius_sdc_pkg'}
[0.099345] (-) TimerEvent: {}
[0.199814] (-) TimerEvent: {}
[0.300245] (-) TimerEvent: {}
[0.400709] (-) TimerEvent: {}
[0.501165] (-) TimerEvent: {}
[0.601664] (-) TimerEvent: {}
[0.702124] (-) TimerEvent: {}
[0.802664] (-) TimerEvent: {}
[0.903257] (-) TimerEvent: {}
[0.971218] (prius_sdc_pkg) StderrLine: {'line': b'Traceback (most recent call last):\n  File "/usr/lib/python3/dist-packages/colcon_core/executor/__init__.py", line 91, in __call__\n    rc = await self.task(*args, **kwargs)\n  File "/usr/lib/python3/dist-packages/colcon_core/task/__init__.py", line 93, in __call__\n    return await task_method(*args, **kwargs)\n  File "/usr/lib/python3/dist-packages/colcon_ros/task/ament_python/build.py", line 105, in build\n    return await extension.build(additional_hooks=additional_hooks)\n  File "/usr/lib/python3/dist-packages/colcon_core/task/python/build.py", line 81, in build\n    available_commands = await self._get_available_commands(\n  File "/usr/lib/python3/dist-packages/colcon_core/task/python/build.py", line 171, in _get_available_commands\n    output = await check_output(\n  File "/usr/lib/python3/dist-packages/colcon_core/subprocess.py", line 128, in check_output\n    assert not rc, f\'Expected {args} to pass: {stderr_data}\'\nAssertionError: Expected [\'/usr/bin/python3\', \'setup.py\', \'--help-commands\'] to pass: Traceback (most recent call last):\n  File "/home/kanja-koduki/zypher_ws/src/prius_sdc_pkg/setup.py", line 5, in <module>\n    setup(\n  File "/home/kanja-koduki/.local/lib/python3.10/site-packages/setuptools/__init__.py", line 103, in setup\n    return distutils.core.setup(**attrs)\n  File "/home/kanja-koduki/.local/lib/python3.10/site-packages/setuptools/_distutils/core.py", line 172, in setup\n    ok = dist.parse_command_line()\n  File "/home/kanja-koduki/.local/lib/python3.10/site-packages/setuptools/_distutils/dist.py", line 472, in parse_command_line\n    if self.handle_display_options(option_order):\n  File "/home/kanja-koduki/.local/lib/python3.10/site-packages/setuptools/dist.py", line 965, in handle_display_options\n    return _Distribution.handle_display_options(self, option_order)\n  File "/home/kanja-koduki/.local/lib/python3.10/site-packages/setuptools/_distutils/dist.py", line 686, in handle_display_options\n    self.print_commands()\n  File "/home/kanja-koduki/.local/lib/python3.10/site-packages/setuptools/dist.py", line 744, in print_commands\n    cmdclass = ep.load()\n  File "/usr/lib/python3.10/importlib/metadata/__init__.py", line 171, in load\n    module = import_module(match.group(\'module\'))\n  File "/usr/lib/python3.10/importlib/__init__.py", line 126, in import_module\n    return _bootstrap._gcd_import(name[level:], package, level)\n  File "<frozen importlib._bootstrap>", line 1050, in _gcd_import\n  File "<frozen importlib._bootstrap>", line 1027, in _find_and_load\n  File "<frozen importlib._bootstrap>", line 1006, in _find_and_load_unlocked\n  File "<frozen importlib._bootstrap>", line 688, in _load_unlocked\n  File "<frozen importlib._bootstrap_external>", line 883, in exec_module\n  File "<frozen importlib._bootstrap>", line 241, in _call_with_frames_removed\n  File "/home/kanja-koduki/.local/lib/python3.10/site-packages/sphinx/setup_command.py", line 21, in <module>\n    from sphinx.application import Sphinx\n  File "/home/kanja-koduki/.local/lib/python3.10/site-packages/sphinx/application.py", line 31, in <module>\n    from sphinx.config import Config\n  File "/home/kanja-koduki/.local/lib/python3.10/site-packages/sphinx/config.py", line 21, in <module>\n    from sphinx.util import logging\n  File "/home/kanja-koduki/.local/lib/python3.10/site-packages/sphinx/util/__init__.py", line 41, in <module>\n    from sphinx.util.typing import PathMatcher\n  File "/home/kanja-koduki/.local/lib/python3.10/site-packages/sphinx/util/typing.py", line 37, in <module>\n    from types import Union as types_Union\nImportError: cannot import name \'Union\' from \'types\' (/usr/lib/python3.10/types.py)\n\n'}
[0.971972] (prius_sdc_pkg) JobEnded: {'identifier': 'prius_sdc_pkg', 'rc': 1}
[0.982147] (-) EventReactorShutdown: {}
