[0.849s] Traceback (most recent call last):
  File "/usr/lib/python3/dist-packages/colcon_core/executor/__init__.py", line 91, in __call__
    rc = await self.task(*args, **kwargs)
  File "/usr/lib/python3/dist-packages/colcon_core/task/__init__.py", line 93, in __call__
    return await task_method(*args, **kwargs)
  File "/usr/lib/python3/dist-packages/colcon_ros/task/ament_python/build.py", line 105, in build
    return await extension.build(additional_hooks=additional_hooks)
  File "/usr/lib/python3/dist-packages/colcon_core/task/python/build.py", line 81, in build
    available_commands = await self._get_available_commands(
  File "/usr/lib/python3/dist-packages/colcon_core/task/python/build.py", line 171, in _get_available_commands
    output = await check_output(
  File "/usr/lib/python3/dist-packages/colcon_core/subprocess.py", line 128, in check_output
    assert not rc, f'Expected {args} to pass: {stderr_data}'
AssertionError: Expected ['/usr/bin/python3', 'setup.py', '--help-commands'] to pass: Traceback (most recent call last):
  File "/home/kanja-koduki/zypher_ws/src/prius_sdc_pkg/setup.py", line 5, in <module>
    setup(
  File "/home/kanja-koduki/.local/lib/python3.10/site-packages/setuptools/__init__.py", line 103, in setup
    return distutils.core.setup(**attrs)
  File "/home/kanja-koduki/.local/lib/python3.10/site-packages/setuptools/_distutils/core.py", line 172, in setup
    ok = dist.parse_command_line()
  File "/home/kanja-koduki/.local/lib/python3.10/site-packages/setuptools/_distutils/dist.py", line 472, in parse_command_line
    if self.handle_display_options(option_order):
  File "/home/kanja-koduki/.local/lib/python3.10/site-packages/setuptools/dist.py", line 965, in handle_display_options
    return _Distribution.handle_display_options(self, option_order)
  File "/home/kanja-koduki/.local/lib/python3.10/site-packages/setuptools/_distutils/dist.py", line 686, in handle_display_options
    self.print_commands()
  File "/home/kanja-koduki/.local/lib/python3.10/site-packages/setuptools/dist.py", line 744, in print_commands
    cmdclass = ep.load()
  File "/usr/lib/python3.10/importlib/metadata/__init__.py", line 171, in load
    module = import_module(match.group('module'))
  File "/usr/lib/python3.10/importlib/__init__.py", line 126, in import_module
    return _bootstrap._gcd_import(name[level:], package, level)
  File "<frozen importlib._bootstrap>", line 1050, in _gcd_import
  File "<frozen importlib._bootstrap>", line 1027, in _find_and_load
  File "<frozen importlib._bootstrap>", line 1006, in _find_and_load_unlocked
  File "<frozen importlib._bootstrap>", line 688, in _load_unlocked
  File "<frozen importlib._bootstrap_external>", line 883, in exec_module
  File "<frozen importlib._bootstrap>", line 241, in _call_with_frames_removed
  File "/home/kanja-koduki/.local/lib/python3.10/site-packages/sphinx/setup_command.py", line 21, in <module>
    from sphinx.application import Sphinx
  File "/home/kanja-koduki/.local/lib/python3.10/site-packages/sphinx/application.py", line 31, in <module>
    from sphinx.config import Config
  File "/home/kanja-koduki/.local/lib/python3.10/site-packages/sphinx/config.py", line 21, in <module>
    from sphinx.util import logging
  File "/home/kanja-koduki/.local/lib/python3.10/site-packages/sphinx/util/__init__.py", line 41, in <module>
    from sphinx.util.typing import PathMatcher
  File "/home/kanja-koduki/.local/lib/python3.10/site-packages/sphinx/util/typing.py", line 37, in <module>
    from types import Union as types_Union
ImportError: cannot import name 'Union' from 'types' (/usr/lib/python3.10/types.py)

